2015-05-11 09:20:00,751 - DEBUG - ************************
2015-05-11 09:20:01,365 - DEBUG - No entries
2015-05-11 09:21:00,547 - DEBUG - ************************
2015-05-11 09:21:02,977 - DEBUG - Success! Tweet sent: Sutherlin woman killed in traffic crash http://rgne.ws/1FfPFHA
2015-05-11 09:22:01,183 - DEBUG - ************************
2015-05-11 09:22:03,757 - DEBUG - 33077553 is in the file.
2015-05-11 09:23:00,942 - DEBUG - ************************
...
2015-05-11 11:25:00,510 - DEBUG - ************************
2015-05-11 11:25:03,366 - DEBUG - 33077553 is in the file.
2015-05-11 11:26:00,590 - DEBUG - ************************
2015-05-11 11:26:07,795 - DEBUG - Success! Tweet sent: Eugene motorcyclist rushed to hospital after crash http://rgne.ws/1dXKoIw
2015-05-11 11:26:07,796 - DEBUG - 33077553 is in the file.
2015-05-11 11:27:01,050 - DEBUG - ************************
2015-05-11 11:27:01,849 - DEBUG - 33077834 is in the file.
2015-05-11 11:27:01,850 - DEBUG - 33077553 is in the file.
...
2015-05-11 12:18:00,240 - DEBUG - ************************
2015-05-11 12:18:01,813 - DEBUG - 33077834 is in the file.
2015-05-11 12:18:01,813 - DEBUG - 33077553 is in the file.
2015-05-11 12:19:01,007 - DEBUG - ************************
2015-05-11 12:19:05,190 - DEBUG - Success! Tweet sent: Makeover possible for major Eugene-Springfield streets http://rgne.ws/1Hd88VI
2015-05-11 12:19:05,190 - DEBUG - 33077834 is in the file.
2015-05-11 12:19:05,190 - DEBUG - 33077553 is in the file.
2015-05-11 12:20:00,370 - DEBUG - ************************
2015-05-11 12:20:03,035 - DEBUG - 33077831 is in the file.
2015-05-11 12:20:03,036 - DEBUG - 33077834 is in the file.
2015-05-11 12:20:03,036 - DEBUG - 33077553 is in the file.
